SF:lib\backend\handlers\handleRegistration.dart
DA:8,1
DA:10,0
DA:11,0
DA:13,0
DA:14,0
DA:15,0
DA:16,0
DA:18,0
DA:19,0
DA:20,0
DA:21,0
DA:22,0
DA:23,0
DA:24,0
DA:25,0
DA:27,0
DA:34,0
DA:35,0
DA:36,0
DA:37,0
DA:44,0
DA:45,0
DA:47,0
DA:48,0
DA:49,0
DA:54,1
DA:55,1
LF:27
LH:3
end_of_record
SF:lib\backend\models\user.dart
DA:5,4
DA:10,1
DA:11,1
DA:12,1
DA:14,2
DA:15,1
DA:16,1
DA:18,3
DA:19,3
DA:22,3
DA:23,3
LF:11
LH:11
end_of_record
SF:lib\backend\create_db.dart
DA:12,0
DA:14,0
DA:15,0
DA:16,0
DA:18,0
DA:20,0
DA:22,0
DA:23,0
DA:24,0
DA:26,0
DA:27,0
DA:29,0
DA:30,0
DA:32,0
DA:33,0
DA:35,0
DA:38,0
DA:48,0
DA:50,0
DA:51,0
DA:53,0
DA:55,0
DA:57,0
DA:58,0
DA:59,0
DA:61,0
DA:62,0
DA:64,0
DA:65,0
DA:67,0
DA:68,0
DA:70,0
DA:73,0
DA:83,0
DA:84,0
DA:85,0
DA:86,0
DA:87,0
DA:91,0
DA:92,0
DA:93,0
DA:96,0
DA:100,0
DA:101,0
DA:102,0
DA:104,0
DA:105,0
DA:110,0
DA:111,0
DA:112,0
DA:113,0
DA:114,0
DA:115,0
DA:116,0
DA:117,0
DA:118,0
DA:121,0
DA:123,0
DA:124,0
DA:125,0
DA:126,0
DA:127,0
DA:128,0
DA:129,0
DA:130,0
DA:132,0
DA:133,0
DA:136,0
DA:138,0
DA:139,0
DA:140,0
DA:148,0
DA:149,0
DA:152,0
DA:155,0
DA:156,0
DA:161,0
DA:163,0
DA:164,0
DA:165,0
DA:166,0
DA:168,0
DA:173,0
DA:176,0
DA:177,0
LF:85
LH:0
end_of_record
SF:lib\backend\read_db.dart
DA:25,0
DA:26,0
DA:27,0
DA:28,0
DA:31,0
DA:34,0
DA:35,0
DA:37,0
DA:39,0
DA:45,0
DA:54,0
DA:55,0
DA:56,0
DA:57,0
DA:59,0
DA:60,0
DA:61,0
DA:63,0
DA:68,0
DA:69,0
DA:70,0
DA:75,0
DA:77,0
DA:79,0
DA:80,0
DA:82,0
DA:88,0
DA:94,0
DA:95,0
DA:96,0
DA:97,0
DA:99,0
DA:100,0
DA:101,0
DA:103,0
DA:105,0
DA:110,0
DA:116,0
DA:117,0
DA:119,0
DA:120,0
DA:122,0
DA:123,0
DA:124,0
DA:125,0
DA:128,0
DA:130,0
DA:131,0
DA:137,0
DA:139,0
DA:140,0
DA:141,0
DA:142,0
DA:143,0
DA:144,0
DA:146,0
DA:148,0
DA:149,0
DA:152,0
DA:153,0
DA:155,0
DA:158,0
DA:159,0
DA:160,0
DA:161,0
DA:162,0
DA:168,0
DA:169,0
DA:172,0
DA:173,0
DA:174,0
DA:175,0
DA:178,0
DA:184,0
DA:185,0
DA:186,0
DA:187,0
DA:188,0
DA:189,0
DA:190,0
DA:192,0
DA:194,0
DA:195,0
DA:198,0
DA:199,0
DA:201,0
DA:204,0
DA:205,0
DA:206,0
DA:207,0
DA:208,0
DA:209,0
DA:212,0
DA:213,0
DA:214,0
DA:215,0
DA:218,0
DA:224,0
DA:226,0
DA:227,0
DA:228,0
DA:229,0
DA:230,0
DA:231,0
DA:232,0
DA:234,0
DA:235,0
DA:237,0
DA:239,0
DA:240,0
DA:243,0
DA:245,0
DA:246,0
DA:248,0
DA:250,0
DA:251,0
DA:257,0
DA:258,0
DA:259,0
DA:260,0
DA:262,0
DA:263,0
DA:269,0
DA:270,0
DA:271,0
DA:275,0
DA:276,0
DA:277,0
DA:278,0
DA:280,0
DA:281,0
DA:282,0
DA:283,0
DA:286,0
DA:287,0
DA:288,0
DA:289,0
DA:290,0
DA:296,0
DA:297,0
DA:298,0
DA:299,0
DA:300,0
DA:301,0
DA:302,0
DA:303,0
DA:305,0
DA:306,0
DA:309,0
DA:311,0
DA:313,0
DA:316,0
DA:319,0
DA:320,0
DA:321,0
DA:329,0
DA:330,0
DA:331,0
DA:332,0
DA:336,0
DA:337,0
DA:338,0
DA:340,0
DA:346,0
DA:348,0
DA:349,0
DA:350,0
DA:351,0
DA:352,0
DA:353,0
DA:355,0
DA:357,0
DA:358,0
DA:361,0
DA:363,0
DA:365,0
DA:368,0
DA:369,0
DA:375,0
DA:376,0
DA:377,0
DA:378,0
DA:380,0
DA:381,0
DA:387,0
DA:388,0
DA:389,0
DA:392,0
DA:398,0
DA:399,0
DA:400,0
DA:401,0
DA:402,0
DA:403,0
DA:404,0
DA:405,0
DA:406,0
DA:407,0
DA:409,0
DA:415,0
DA:416,0
DA:417,0
DA:418,0
DA:419,0
DA:420,0
DA:421,0
DA:422,0
DA:423,0
DA:424,0
DA:425,0
DA:431,0
DA:432,0
DA:433,0
DA:434,0
DA:435,0
DA:436,0
DA:437,0
DA:438,0
DA:439,0
DA:440,0
DA:441,0
DA:447,0
DA:448,0
DA:449,0
DA:450,0
DA:451,0
DA:452,0
DA:453,0
DA:454,0
DA:455,0
DA:457,0
DA:458,0
DA:464,0
DA:465,0
DA:468,0
DA:474,0
DA:475,0
DA:476,0
DA:478,0
DA:479,0
DA:484,0
DA:485,0
DA:486,0
DA:487,0
DA:488,0
DA:489,0
DA:490,0
DA:493,0
LF:248
LH:0
end_of_record
SF:lib\others\alerts.dart
DA:9,0
DA:10,0
DA:11,0
DA:14,0
DA:20,0
DA:21,0
DA:22,0
DA:26,0
DA:27,0
DA:33,0
DA:34,0
DA:39,0
DA:40,0
DA:45,0
DA:46,0
DA:51,0
DA:52,0
DA:57,0
DA:58,0
DA:63,0
DA:64,0
DA:70,0
DA:71,0
DA:77,0
DA:78,0
DA:83,0
DA:84,0
DA:89,0
DA:90,0
DA:95,0
DA:96,0
DA:97,0
DA:102,0
DA:103,0
DA:104,0
DA:109,0
DA:110,0
DA:112,0
DA:114,0
DA:115,0
DA:116,0
DA:117,0
DA:123,0
DA:125,0
DA:128,0
DA:136,0
DA:137,0
DA:139,0
DA:143,0
DA:144,0
DA:145,0
DA:148,0
DA:149,0
DA:150,0
DA:151,0
DA:165,0
DA:166,0
DA:168,0
DA:172,0
DA:173,0
DA:174,0
DA:177,0
DA:178,0
DA:179,0
DA:180,0
DA:194,0
DA:195,0
DA:197,0
DA:209,0
DA:210,0
DA:212,0
DA:215,0
DA:216,0
DA:217,0
DA:229,0
DA:230,0
DA:235,0
DA:236,0
DA:241,0
DA:242,0
DA:244,0
DA:247,0
DA:248,0
DA:249,0
DA:250,0
LF:85
LH:0
end_of_record
SF:lib\backend\models\category.dart
DA:8,5
DA:16,1
DA:17,1
DA:18,1
DA:19,1
DA:20,1
DA:21,1
LF:7
LH:7
end_of_record
SF:lib\backend\models\file.dart
DA:10,9
DA:20,1
DA:21,1
DA:22,1
DA:23,1
DA:24,1
DA:25,1
DA:26,1
DA:27,1
LF:9
LH:9
end_of_record
SF:lib\backend\update_db.dart
DA:10,0
DA:11,0
DA:12,0
DA:14,0
DA:15,0
DA:20,0
DA:21,0
DA:22,0
DA:23,0
DA:24,0
DA:25,0
DA:26,0
DA:28,0
DA:29,0
DA:30,0
DA:31,0
DA:33,0
DA:34,0
DA:40,0
DA:41,0
DA:42,0
DA:44,0
DA:45,0
DA:47,0
DA:48,0
DA:53,0
DA:54,0
DA:55,0
DA:56,0
DA:57,0
DA:60,0
DA:61,0
DA:62,0
DA:63,0
DA:64,0
DA:66,0
DA:67,0
DA:71,0
DA:72,0
DA:73,0
LF:40
LH:0
end_of_record
SF:lib\frontend\components\widgets\category_card.dart
DA:14,1
DA:15,1
DA:16,1
DA:31,1
DA:33,7
DA:34,1
DA:37,1
DA:39,1
DA:42,1
DA:44,1
DA:46,3
DA:47,1
DA:56,1
DA:58,1
DA:59,1
DA:61,0
DA:62,1
DA:64,1
DA:66,1
DA:67,1
DA:69,1
DA:71,1
DA:72,1
DA:73,4
DA:74,1
DA:78,1
DA:80,1
DA:83,1
DA:84,1
DA:86,1
DA:87,2
DA:96,1
DA:99,1
DA:100,4
DA:101,1
DA:103,4
DA:112,1
DA:113,1
DA:115,1
DA:118,3
DA:119,1
DA:120,1
DA:124,4
DA:125,2
DA:127,1
DA:131,4
DA:132,3
DA:135,1
DA:145,1
DA:146,2
DA:147,2
DA:150,1
LF:52
LH:51
end_of_record
SF:lib\frontend\components\widgets\category_overview_card.dart
DA:12,1
DA:13,1
DA:15,1
DA:24,1
DA:26,2
DA:27,5
DA:30,7
DA:31,1
DA:34,1
DA:36,1
DA:39,1
DA:41,1
DA:43,1
DA:46,1
DA:47,1
DA:55,1
DA:57,1
DA:58,1
DA:60,6
DA:61,1
DA:63,1
DA:67,1
DA:68,1
DA:69,1
DA:76,1
DA:78,1
DA:80,1
DA:81,4
DA:82,1
DA:83,2
DA:102,1
DA:103,2
DA:104,2
LF:33
LH:33
end_of_record
SF:lib\frontend\components\widgets\file_card.dart
DA:7,3
DA:8,3
DA:19,3
DA:37,3
DA:39,21
DA:40,9
DA:42,9
DA:43,6
DA:44,12
DA:45,3
DA:46,3
DA:48,3
DA:49,3
DA:50,6
DA:51,12
DA:54,3
DA:57,3
DA:59,3
DA:61,3
DA:62,3
DA:64,6
DA:65,3
DA:66,12
DA:67,3
DA:76,3
DA:78,3
DA:80,3
DA:84,3
DA:85,3
DA:87,3
DA:88,3
DA:89,3
DA:92,3
DA:94,3
DA:95,3
DA:97,3
DA:98,3
DA:99,3
DA:100,3
DA:103,3
DA:104,9
DA:105,3
DA:107,3
DA:115,3
DA:118,3
DA:119,3
DA:122,3
DA:124,12
DA:125,3
DA:126,3
DA:127,6
DA:140,3
DA:141,3
DA:142,3
DA:145,12
DA:149,3
DA:150,9
DA:160,3
DA:161,3
DA:162,3
DA:167,4
DA:168,2
DA:170,3
DA:173,6
DA:176,1
DA:177,1
DA:178,2
DA:179,2
DA:182,3
DA:183,3
DA:184,2
DA:185,1
DA:187,3
DA:191,8
DA:192,6
DA:209,1
DA:210,1
DA:211,2
DA:212,2
DA:217,1
DA:218,1
DA:219,2
DA:220,1
LF:83
LH:83
end_of_record
SF:lib\frontend\components\widgets\list_card.dart
DA:7,2
DA:8,2
DA:18,2
DA:39,2
DA:41,2
DA:42,4
DA:43,6
DA:44,16
DA:45,2
DA:46,8
DA:50,2
DA:53,2
DA:55,2
DA:57,2
DA:58,2
DA:60,6
DA:61,2
DA:62,6
DA:63,2
DA:72,2
DA:74,2
DA:78,2
DA:79,2
DA:82,2
DA:83,2
DA:84,2
DA:85,2
DA:87,2
DA:88,2
DA:89,8
DA:90,2
DA:91,4
DA:102,2
DA:103,2
DA:104,2
DA:108,4
DA:109,2
DA:111,2
DA:114,4
DA:117,1
DA:118,2
DA:119,2
DA:121,6
DA:122,3
DA:124,2
DA:128,4
DA:129,3
DA:144,1
DA:145,1
DA:146,2
DA:147,2
DA:149,5
DA:150,5
LF:53
LH:53
end_of_record
SF:lib\frontend\components\widgets\wallet_card.dart
DA:11,1
DA:12,1
DA:19,1
DA:22,1
DA:29,1
DA:31,3
DA:33,3
DA:34,2
DA:35,4
DA:36,1
DA:37,1
DA:39,1
DA:40,2
DA:41,4
DA:43,1
DA:46,1
DA:48,1
DA:50,0
DA:51,1
DA:52,1
DA:53,1
DA:55,1
DA:65,1
DA:67,3
DA:68,1
DA:70,1
DA:71,1
DA:72,1
DA:80,1
DA:82,1
DA:84,1
DA:95,1
DA:97,1
DA:98,4
DA:115,1
DA:116,2
DA:117,2
DA:118,1
LF:38
LH:37
end_of_record
SF:lib\others\constants.dart
DA:6,12
LF:1
LH:1
end_of_record
SF:lib\frontend\components\widgets\loading_wheel.dart
DA:6,72
DA:8,7
DA:9,7
DA:17,7
DA:19,14
DA:20,7
DA:21,14
DA:22,7
DA:25,7
DA:28,7
DA:30,14
DA:31,7
DA:34,7
DA:36,7
DA:38,7
DA:39,7
LF:16
LH:16
end_of_record
SF:lib\frontend\components\contentPages\content_categories.dart
DA:13,1
DA:17,1
DA:18,1
DA:27,1
DA:29,2
DA:30,3
DA:31,4
DA:34,0
DA:37,0
DA:39,0
DA:40,0
DA:43,0
DA:45,0
DA:50,0
DA:51,0
DA:52,0
DA:54,0
DA:55,0
DA:56,0
DA:57,0
DA:58,0
DA:60,0
DA:61,0
DA:63,0
DA:64,0
DA:69,0
DA:75,1
DA:79,2
DA:80,1
DA:81,1
DA:82,1
DA:88,1
DA:89,3
DA:91,1
DA:97,1
DA:98,3
DA:100,1
DA:106,0
DA:108,0
DA:109,0
DA:110,0
DA:111,0
DA:112,0
DA:113,0
DA:114,0
DA:115,0
DA:116,0
DA:117,0
DA:120,0
DA:121,0
DA:122,0
DA:126,0
LF:52
LH:18
end_of_record
SF:lib\frontend\pages\categories.dart
DA:13,1
DA:17,1
DA:19,1
DA:21,1
DA:22,1
DA:23,1
DA:24,1
DA:25,1
LF:8
LH:8
end_of_record
SF:lib\backend\delete_db.dart
DA:9,0
DA:10,0
DA:11,0
DA:12,0
DA:13,0
DA:14,0
DA:15,0
DA:20,0
DA:21,0
DA:22,0
DA:23,0
DA:24,0
DA:25,0
DA:30,0
DA:31,0
DA:32,0
DA:33,0
DA:34,0
DA:35,0
DA:36,0
DA:37,0
DA:38,0
DA:43,0
DA:44,0
DA:45,0
DA:46,0
DA:48,0
DA:50,0
DA:51,0
LF:29
LH:0
end_of_record
SF:lib\backend\google_integration.dart
DA:30,0
DA:32,0
DA:34,0
DA:35,0
DA:43,1
DA:54,0
DA:55,0
DA:58,0
DA:59,0
DA:62,0
DA:64,0
DA:65,0
DA:67,0
DA:68,0
DA:72,0
DA:74,0
DA:77,0
DA:78,0
DA:83,0
DA:84,0
DA:85,0
DA:86,0
DA:95,0
DA:97,0
DA:100,0
DA:102,0
DA:105,0
DA:108,0
DA:110,0
DA:113,0
DA:115,0
DA:116,0
DA:118,0
DA:119,0
DA:123,0
DA:124,0
DA:126,0
DA:127,0
DA:129,0
DA:130,0
DA:131,0
DA:132,0
DA:134,0
DA:135,0
DA:136,0
DA:137,0
DA:139,0
DA:144,0
DA:145,0
DA:148,0
DA:149,0
DA:150,0
DA:157,0
DA:159,0
DA:160,0
DA:162,0
DA:165,0
DA:170,0
DA:172,0
DA:175,0
DA:178,0
DA:179,0
DA:181,0
DA:184,0
DA:186,0
DA:187,0
DA:190,0
DA:191,0
DA:194,0
DA:196,0
DA:197,0
DA:201,0
DA:203,0
DA:204,0
DA:205,0
DA:206,0
DA:209,0
DA:211,0
DA:214,0
DA:216,0
DA:220,0
DA:224,0
LF:82
LH:1
end_of_record
SF:lib\frontend\components\widgets\app_bar.dart
DA:27,14
DA:31,14
DA:33,14
DA:35,14
DA:36,14
DA:44,14
DA:45,14
DA:53,4
DA:55,1
DA:58,3
DA:59,1
DA:61,14
DA:62,1
DA:63,1
DA:66,3
DA:70,14
DA:74,1
LF:17
LH:17
end_of_record
SF:lib\frontend\components\widgets\bottom_bar.dart
DA:17,5
DA:20,5
DA:21,5
DA:26,1
DA:27,3
DA:28,3
DA:29,2
DA:30,3
DA:35,5
DA:37,5
DA:39,5
DA:54,5
DA:62,5
DA:85,10
DA:89,5
LF:15
LH:15
end_of_record
SF:lib\frontend\components\widgets\drawer.dart
DA:7,1
DA:9,1
DA:11,1
DA:13,1
DA:15,1
DA:16,1
DA:20,1
DA:23,1
DA:24,1
DA:41,1
DA:42,1
DA:44,1
DA:54,2
DA:55,1
DA:57,3
DA:58,1
DA:74,1
DA:75,1
DA:77,1
DA:87,2
DA:88,1
DA:90,3
DA:91,1
LF:23
LH:23
end_of_record
SF:lib\frontend\components\widgets\title_text_v2.dart
DA:12,4
DA:14,4
DA:16,4
DA:18,4
DA:20,4
DA:29,4
DA:31,4
DA:32,4
LF:8
LH:8
end_of_record
SF:lib\frontend\components\widgets\button_add.dart
DA:23,4
DA:27,4
DA:29,4
DA:31,4
DA:33,4
DA:34,4
DA:35,8
DA:36,3
DA:37,1
DA:38,1
DA:42,4
DA:43,4
LF:12
LH:12
end_of_record
SF:lib\frontend\components\contentPages\content_category_create.dart
DA:20,1
DA:22,1
DA:23,1
DA:33,1
DA:35,2
DA:36,4
DA:38,1
DA:41,1
DA:43,2
DA:44,1
DA:47,1
DA:49,1
DA:51,1
DA:52,1
DA:54,1
DA:56,1
DA:60,1
DA:61,1
DA:63,1
DA:65,1
DA:69,2
DA:73,1
DA:76,1
DA:85,2
DA:86,1
DA:87,1
DA:91,1
DA:92,1
DA:93,0
DA:94,0
DA:95,0
DA:98,0
DA:99,0
DA:101,1
DA:102,1
DA:103,1
DA:106,1
DA:117,1
DA:118,1
DA:120,2
DA:129,1
DA:131,2
DA:133,1
DA:134,0
DA:135,0
DA:136,0
DA:137,0
DA:140,0
DA:144,0
DA:150,0
DA:151,0
DA:152,0
DA:153,0
DA:154,0
DA:155,0
DA:157,0
DA:158,0
DA:159,0
DA:160,0
DA:161,0
DA:162,0
DA:163,0
DA:164,0
DA:165,0
DA:166,0
DA:168,0
DA:171,0
DA:177,1
DA:178,2
DA:179,0
DA:180,0
DA:187,0
DA:188,0
DA:189,0
DA:190,0
DA:191,0
LF:76
LH:40
end_of_record
SF:lib\frontend\pages\category_create.dart
DA:10,1
DA:13,1
DA:15,1
DA:17,1
DA:18,1
DA:19,1
DA:20,1
DA:21,1
DA:23,1
LF:9
LH:9
end_of_record
SF:lib\frontend\components\widgets\button_function.dart
DA:16,7
DA:18,7
DA:20,7
DA:22,7
DA:26,7
DA:27,7
DA:29,7
DA:30,7
DA:32,7
DA:33,7
DA:34,7
DA:35,7
DA:40,7
DA:45,21
DA:46,14
LF:15
LH:15
end_of_record
SF:lib\frontend\components\widgets\input_field.dart
DA:14,5
DA:16,5
DA:17,5
DA:23,5
DA:25,25
DA:26,5
DA:29,5
DA:31,10
DA:32,5
DA:35,5
DA:37,5
DA:39,5
DA:40,10
DA:41,5
DA:44,5
DA:51,5
DA:56,5
DA:58,5
DA:63,5
DA:65,5
DA:70,5
DA:72,5
DA:77,5
DA:90,3
DA:91,15
LF:25
LH:25
end_of_record
SF:lib\frontend\components\widgets\title_text.dart
DA:13,37
DA:15,8
DA:17,8
DA:18,8
DA:20,8
DA:23,8
LF:6
LH:6
end_of_record
SF:lib\frontend\components\widgets\widget_preview.dart
DA:17,1
DA:20,1
DA:22,1
DA:24,1
DA:25,1
DA:26,1
DA:27,1
DA:42,1
DA:46,1
DA:49,1
DA:50,1
DA:51,1
DA:53,1
DA:54,3
DA:55,1
LF:15
LH:15
end_of_record
SF:lib\frontend\components\contentPages\content_category_edit.dart
DA:26,1
DA:30,1
DA:31,1
DA:44,1
DA:46,2
DA:47,1
DA:48,2
DA:49,6
DA:52,1
DA:55,1
DA:57,1
DA:59,1
DA:60,1
DA:62,1
DA:64,1
DA:68,1
DA:69,1
DA:71,1
DA:73,1
DA:77,2
DA:81,1
DA:84,1
DA:93,2
DA:94,1
DA:95,1
DA:99,1
DA:100,1
DA:101,0
DA:102,0
DA:103,0
DA:106,0
DA:107,0
DA:109,1
DA:110,1
DA:111,1
DA:114,1
DA:125,1
DA:126,1
DA:128,2
DA:137,0
DA:139,0
DA:141,0
DA:142,0
DA:143,0
DA:144,0
DA:145,0
DA:146,0
DA:149,0
DA:150,0
DA:154,0
DA:160,1
DA:161,2
DA:162,4
DA:164,3
DA:165,4
DA:166,0
DA:167,0
DA:168,0
DA:171,0
DA:172,0
DA:175,0
DA:176,0
DA:177,0
DA:178,0
DA:180,0
DA:181,0
DA:182,0
DA:183,0
DA:185,0
DA:186,0
DA:187,0
DA:188,0
DA:190,0
DA:192,0
DA:194,0
DA:196,0
DA:197,0
DA:198,0
DA:200,0
DA:201,0
DA:202,0
DA:204,0
DA:206,0
DA:209,0
DA:215,0
DA:216,0
DA:217,0
DA:218,0
DA:225,0
DA:226,0
DA:227,0
DA:228,0
DA:229,0
DA:234,1
DA:235,2
DA:236,2
DA:238,5
DA:245,1
DA:246,2
DA:247,1
DA:249,6
DA:251,2
DA:252,4
LF:103
LH:49
end_of_record
SF:lib\frontend\pages\categories_edit.dart
DA:11,1
DA:14,1
DA:16,1
DA:18,1
DA:19,1
DA:20,1
DA:21,1
DA:22,1
DA:24,1
LF:9
LH:9
end_of_record
SF:lib\frontend\components\contentPages\content_category_view.dart
DA:17,1
DA:21,1
DA:22,1
DA:33,1
DA:35,6
DA:36,1
DA:39,1
DA:41,2
DA:42,0
DA:45,0
DA:46,0
DA:48,0
DA:49,0
DA:50,0
DA:51,0
DA:52,0
DA:66,1
DA:68,2
DA:69,3
DA:70,1
DA:78,2
DA:85,1
DA:86,1
DA:91,1
DA:93,1
DA:94,1
DA:95,0
DA:96,0
DA:98,0
DA:104,1
DA:105,3
DA:106,1
DA:113,1
DA:117,2
DA:118,1
DA:119,1
DA:125,1
DA:126,3
DA:127,1
DA:134,0
DA:135,0
DA:136,0
DA:137,0
DA:138,0
DA:140,0
DA:141,0
DA:142,0
DA:143,0
DA:144,0
DA:145,0
DA:146,0
DA:150,0
DA:151,0
DA:152,0
DA:153,0
DA:154,0
DA:162,1
DA:163,1
DA:164,2
DA:165,2
DA:166,5
DA:167,5
DA:169,6
DA:170,4
DA:175,1
DA:176,1
DA:177,2
DA:178,1
DA:180,6
LF:69
LH:41
end_of_record
SF:lib\frontend\components\widgets\buttons_view_mode.dart
DA:7,4
DA:9,4
DA:10,4
DA:14,4
DA:16,4
DA:18,4
DA:21,4
DA:32,4
DA:36,12
DA:38,12
DA:40,2
DA:42,4
DA:46,12
DA:48,12
DA:50,4
LF:15
LH:15
end_of_record
SF:lib\frontend\pages\category_view.dart
DA:12,1
DA:15,1
DA:17,1
DA:19,1
DA:20,1
DA:21,1
DA:22,1
DA:23,1
DA:25,1
DA:29,1
DA:31,2
DA:33,2
LF:12
LH:12
end_of_record
SF:lib\frontend\components\contentPages\content_favourites.dart
DA:13,1
DA:17,1
DA:18,1
DA:26,1
DA:28,1
DA:29,2
DA:31,4
DA:32,4
DA:34,1
DA:38,1
DA:40,2
DA:41,1
DA:44,1
DA:46,2
DA:47,1
DA:50,1
DA:51,1
DA:52,4
DA:53,4
DA:54,1
DA:55,4
DA:67,1
DA:69,1
DA:70,1
DA:72,3
DA:73,1
DA:81,2
DA:90,0
DA:91,0
DA:92,0
DA:93,0
DA:100,1
DA:102,1
DA:103,1
DA:104,0
DA:105,0
DA:107,0
DA:113,1
DA:114,3
DA:116,1
DA:122,1
DA:126,1
DA:127,2
DA:128,1
DA:129,1
DA:136,1
DA:137,3
DA:139,1
DA:145,0
DA:146,0
DA:147,0
DA:148,0
DA:150,0
DA:151,0
DA:152,0
DA:153,0
DA:154,0
DA:155,0
DA:158,0
DA:159,0
DA:160,0
DA:161,0
LF:62
LH:41
end_of_record
SF:lib\frontend\pages\favourites.dart
DA:12,1
DA:16,1
DA:18,1
DA:20,1
DA:21,1
DA:22,1
DA:23,1
DA:24,1
DA:25,1
DA:27,1
LF:10
LH:10
end_of_record
SF:lib\frontend\components\contentPages\content_file_create.dart
DA:29,1
DA:39,1
DA:40,1
DA:52,1
DA:54,2
DA:55,3
DA:56,6
DA:58,1
DA:59,5
DA:61,2
DA:62,1
DA:65,1
DA:67,2
DA:68,1
DA:71,1
DA:73,1
DA:75,1
DA:76,1
DA:78,1
DA:79,1
DA:81,1
DA:83,1
DA:87,1
DA:88,1
DA:91,1
DA:93,1
DA:94,1
DA:96,1
DA:97,1
DA:99,1
DA:100,1
DA:102,2
DA:106,1
DA:109,1
DA:113,1
DA:116,1
DA:120,1
DA:121,1
DA:122,1
DA:123,1
DA:125,1
DA:132,1
DA:134,1
DA:135,1
DA:136,2
DA:138,2
DA:139,1
DA:140,1
DA:141,1
DA:142,2
DA:154,0
DA:155,0
DA:157,0
DA:164,1
DA:167,1
DA:168,1
DA:171,1
DA:173,1
DA:174,1
DA:183,1
DA:187,2
DA:189,1
DA:193,3
DA:194,2
DA:195,1
DA:202,1
DA:212,1
DA:213,1
DA:215,2
DA:224,1
DA:225,2
DA:226,3
DA:228,4
DA:233,1
DA:234,2
DA:235,1
DA:237,3
DA:242,1
DA:243,1
DA:245,2
DA:247,1
DA:249,0
DA:250,0
DA:251,0
DA:252,0
DA:253,0
DA:257,0
DA:258,0
DA:263,0
DA:269,0
DA:270,0
DA:271,0
DA:273,0
DA:276,0
DA:278,0
DA:279,0
DA:281,0
DA:282,0
DA:287,0
DA:288,0
DA:291,0
DA:295,0
DA:302,1
DA:303,1
DA:305,2
DA:310,0
DA:311,0
DA:312,0
DA:316,0
DA:317,0
DA:320,0
DA:326,1
DA:327,6
DA:329,1
DA:330,1
DA:331,6
DA:332,0
DA:333,1
DA:334,0
DA:335,2
DA:337,0
DA:338,0
DA:340,0
DA:341,0
DA:343,0
DA:344,0
DA:345,0
DA:347,0
DA:348,0
DA:351,0
DA:352,0
DA:353,0
DA:354,0
DA:356,0
DA:357,0
DA:358,0
DA:359,0
DA:361,0
DA:364,4
DA:370,1
DA:371,2
DA:372,1
DA:378,0
DA:379,0
DA:380,0
DA:381,0
DA:382,0
DA:388,0
DA:389,0
DA:390,0
DA:391,0
DA:392,0
DA:398,0
DA:399,0
DA:400,0
DA:402,0
DA:403,0
LF:157
LH:92
end_of_record
SF:lib\frontend\pages\file_create.dart
DA:11,1
DA:15,1
DA:17,1
DA:18,1
DA:19,1
DA:20,1
DA:21,1
DA:22,1
DA:24,1
LF:9
LH:9
end_of_record
SF:lib\frontend\components\widgets\buttons_upload_photo_pdf.dart
DA:8,3
DA:12,3
DA:14,3
DA:17,3
DA:18,6
DA:19,6
DA:20,6
LF:7
LH:7
end_of_record
SF:lib\frontend\components\widgets\carousel_slider.dart
DA:14,2
DA:22,2
DA:23,2
DA:29,2
DA:31,2
DA:32,2
DA:35,0
DA:37,0
DA:38,0
DA:41,2
DA:43,2
DA:44,2
DA:50,2
DA:54,2
DA:55,4
DA:56,6
DA:57,2
DA:58,10
DA:59,8
DA:60,2
DA:62,2
DA:64,2
DA:65,2
DA:66,8
DA:67,2
DA:71,2
DA:84,2
DA:85,2
DA:86,2
DA:87,4
DA:94,4
DA:95,4
DA:96,6
DA:98,2
DA:101,0
DA:102,0
DA:103,0
DA:104,0
DA:113,6
DA:114,1
DA:116,1
DA:120,4
DA:128,2
LF:43
LH:36
end_of_record
SF:lib\frontend\components\widgets\dropdown_menu.dart
DA:14,3
DA:16,3
DA:17,3
DA:23,3
DA:25,12
DA:26,3
DA:30,3
DA:32,3
DA:34,3
DA:36,3
DA:38,3
DA:39,3
DA:44,3
DA:46,3
DA:48,6
DA:52,1
DA:54,2
DA:55,2
DA:59,7
DA:60,1
DA:61,1
DA:62,1
DA:64,3
DA:73,1
DA:74,2
DA:75,1
DA:76,3
DA:77,4
LF:28
LH:28
end_of_record
SF:lib\frontend\components\widgets\button_icon_function.dart
DA:18,4
DA:20,4
DA:22,4
DA:24,4
DA:25,4
DA:40,4
DA:41,9
DA:42,4
DA:43,4
DA:49,4
DA:51,4
DA:52,4
LF:12
LH:12
end_of_record
SF:lib\frontend\components\contentPages\content_file_edit.dart
DA:34,1
DA:38,1
DA:39,1
DA:60,1
DA:62,2
DA:63,4
DA:65,6
DA:67,1
DA:70,1
DA:72,1
DA:74,1
DA:75,1
DA:77,1
DA:78,1
DA:80,1
DA:82,1
DA:86,1
DA:87,1
DA:90,1
DA:92,1
DA:93,1
DA:95,1
DA:96,1
DA:98,1
DA:99,1
DA:101,2
DA:105,1
DA:108,1
DA:112,1
DA:115,1
DA:119,1
DA:120,1
DA:121,1
DA:122,1
DA:124,1
DA:131,1
DA:133,1
DA:134,1
DA:135,2
DA:137,2
DA:138,1
DA:139,1
DA:140,1
DA:141,2
DA:153,0
DA:154,0
DA:156,0
DA:163,1
DA:166,1
DA:167,1
DA:170,1
DA:172,1
DA:173,1
DA:182,1
DA:186,2
DA:188,1
DA:192,4
DA:194,1
DA:195,1
DA:202,1
DA:212,1
DA:213,1
DA:215,2
DA:224,1
DA:225,2
DA:226,3
DA:228,4
DA:233,1
DA:234,2
DA:235,1
DA:237,3
DA:242,1
DA:243,1
DA:245,2
DA:247,1
DA:249,0
DA:250,0
DA:251,0
DA:252,0
DA:253,0
DA:258,0
DA:259,0
DA:260,0
DA:264,0
DA:270,0
DA:271,0
DA:273,0
DA:279,0
DA:280,0
DA:282,0
DA:283,0
DA:284,0
DA:285,0
DA:291,0
DA:292,0
DA:293,0
DA:297,0
DA:300,0
DA:306,1
DA:307,1
DA:309,2
DA:313,0
DA:314,0
DA:315,0
DA:316,0
DA:317,0
DA:322,0
DA:323,0
DA:324,0
DA:328,0
DA:334,1
DA:335,1
DA:336,1
DA:339,6
DA:340,0
DA:341,1
DA:342,0
DA:343,2
DA:345,0
DA:346,0
DA:348,0
DA:349,0
DA:350,0
DA:351,0
DA:353,0
DA:354,0
DA:355,0
DA:357,0
DA:359,0
DA:361,0
DA:362,0
DA:366,0
DA:367,0
DA:368,0
DA:370,0
DA:371,0
DA:372,0
DA:373,0
DA:374,0
DA:375,0
DA:377,0
DA:378,0
DA:380,0
DA:381,0
DA:382,0
DA:384,0
DA:385,0
DA:386,0
DA:388,0
DA:391,4
DA:397,0
DA:398,0
DA:399,0
DA:405,0
DA:406,0
DA:407,0
DA:408,0
DA:409,0
DA:415,0
DA:416,0
DA:417,0
DA:423,1
DA:424,1
DA:425,2
DA:426,1
DA:427,2
DA:428,2
DA:430,2
DA:431,2
DA:432,5
DA:433,2
DA:434,2
DA:436,2
DA:437,2
DA:439,3
DA:440,2
DA:441,4
DA:444,4
DA:445,5
DA:446,6
DA:452,0
DA:453,0
DA:454,0
DA:456,0
DA:457,0
DA:460,0
DA:461,0
DA:462,0
LF:188
LH:101
end_of_record
SF:lib\frontend\pages\file_edit.dart
DA:11,1
DA:14,1
DA:16,1
DA:18,1
DA:19,1
DA:20,1
DA:21,1
DA:22,2
LF:8
LH:8
end_of_record
SF:lib\frontend\components\contentPages\content_file_view.dart
DA:21,1
DA:25,1
DA:26,1
DA:42,1
DA:44,6
DA:45,1
DA:48,1
DA:50,1
DA:51,1
DA:52,1
DA:54,1
DA:57,1
DA:58,1
DA:65,1
DA:67,4
DA:68,3
DA:70,1
DA:72,1
DA:73,1
DA:74,2
DA:75,1
DA:76,1
DA:77,2
DA:78,2
DA:87,1
DA:89,1
DA:90,1
DA:91,1
DA:93,1
DA:99,3
DA:104,3
DA:105,1
DA:108,1
DA:110,1
DA:113,3
DA:121,1
DA:123,1
DA:125,1
DA:128,3
DA:129,2
DA:133,1
DA:135,1
DA:146,1
DA:147,1
DA:148,1
DA:149,2
DA:150,1
DA:151,2
DA:152,2
DA:154,2
DA:155,2
DA:156,1
DA:157,1
DA:158,1
DA:159,2
DA:160,1
DA:161,1
DA:162,1
DA:163,2
DA:164,6
DA:166,4
DA:167,5
DA:168,6
DA:174,1
DA:175,1
DA:176,2
DA:177,2
DA:184,1
DA:185,3
DA:186,1
DA:193,1
DA:194,6
DA:195,3
DA:196,4
DA:197,4
DA:201,0
DA:202,0
DA:203,0
DA:204,0
DA:210,1
DA:211,2
DA:212,3
DA:213,1
DA:214,5
DA:216,0
DA:222,1
DA:223,2
DA:225,1
DA:226,3
DA:228,1
DA:229,5
DA:231,0
DA:237,1
DA:238,2
DA:240,3
DA:241,4
DA:245,1
DA:246,1
DA:247,2
DA:248,2
LF:100
LH:94
end_of_record
SF:lib\frontend\pages\file_view.dart
DA:11,1
DA:14,1
DA:16,1
DA:17,1
DA:18,1
DA:19,1
DA:20,1
DA:21,2
LF:8
LH:8
end_of_record
SF:lib\frontend\components\widgets\buttons_file_operations.dart
DA:28,2
DA:40,2
DA:41,2
DA:47,2
DA:49,4
DA:50,8
DA:52,2
DA:55,2
DA:57,2
DA:59,2
DA:61,2
DA:70,2
DA:72,2
DA:74,2
DA:76,2
DA:77,2
DA:82,2
DA:83,10
DA:85,2
DA:89,12
DA:91,8
DA:92,2
DA:93,2
DA:94,2
DA:98,12
DA:100,2
DA:104,8
DA:109,2
DA:112,4
DA:115,2
DA:116,4
DA:117,4
DA:119,6
DA:120,12
DA:122,2
DA:126,6
DA:127,10
LF:37
LH:37
end_of_record
SF:lib\frontend\components\contentPages\content_home.dart
DA:12,1
DA:15,1
DA:16,1
DA:28,1
DA:30,1
DA:31,2
DA:32,5
DA:33,2
DA:35,2
DA:36,3
DA:40,1
DA:43,1
DA:45,1
DA:47,1
DA:48,2
DA:49,1
DA:51,1
DA:54,1
DA:58,1
DA:60,1
DA:61,1
DA:62,1
DA:63,1
DA:76,2
DA:77,1
DA:80,1
DA:81,1
DA:83,1
DA:84,4
DA:85,4
DA:87,1
DA:88,4
DA:100,1
DA:102,1
DA:103,1
DA:104,3
DA:105,1
DA:114,2
DA:125,1
DA:126,1
DA:127,2
DA:128,1
DA:135,1
DA:137,1
DA:138,1
DA:139,1
DA:140,1
DA:142,0
DA:148,1
DA:149,3
DA:150,1
DA:157,1
DA:161,1
DA:162,2
DA:163,1
DA:164,1
DA:171,1
DA:175,1
DA:176,2
DA:177,1
DA:178,1
DA:185,1
DA:186,3
DA:187,1
DA:194,1
DA:195,3
DA:196,1
DA:203,0
DA:204,0
DA:205,0
DA:206,0
DA:207,0
DA:209,0
DA:210,0
DA:211,0
DA:212,0
DA:213,0
DA:214,0
DA:215,0
DA:219,0
DA:220,0
DA:221,0
DA:222,0
DA:223,0
LF:84
LH:66
end_of_record
SF:lib\frontend\pages\home.dart
DA:13,1
DA:16,1
DA:18,1
DA:20,1
DA:21,1
DA:22,1
DA:23,1
DA:24,1
DA:25,1
DA:27,1
DA:31,1
LF:11
LH:11
end_of_record
SF:lib\frontend\components\contentPages\content_pdf_show.dart
DA:10,1
DA:14,1
DA:15,1
DA:21,1
DA:23,3
DA:24,7
DA:25,1
DA:28,1
DA:30,2
DA:31,1
DA:32,3
DA:33,3
DA:34,1
DA:35,2
DA:43,1
DA:45,2
DA:47,1
DA:52,1
DA:53,2
DA:54,1
DA:55,1
LF:21
LH:21
end_of_record
SF:lib\frontend\pages\view_pdf.dart
DA:11,1
DA:13,1
DA:15,1
DA:17,1
DA:18,1
DA:19,1
DA:20,1
DA:21,2
LF:8
LH:8
end_of_record
SF:lib\frontend\components\contentPages\content_login.dart
DA:13,1
DA:17,1
DA:18,1
DA:25,1
DA:27,2
DA:28,2
DA:30,1
DA:37,1
DA:39,1
DA:42,1
DA:43,1
DA:45,1
DA:46,4
DA:58,1
DA:60,1
DA:61,4
DA:72,1
DA:73,4
DA:74,4
DA:75,1
DA:76,1
DA:77,1
DA:79,1
DA:80,1
DA:81,1
DA:82,5
DA:83,1
DA:90,1
DA:91,1
DA:92,2
DA:100,1
DA:102,1
DA:103,1
DA:104,5
DA:105,1
DA:112,1
DA:113,1
DA:116,2
DA:123,2
DA:124,1
DA:126,1
DA:128,1
DA:129,1
DA:130,3
DA:131,1
DA:133,1
DA:135,1
DA:136,1
DA:137,1
DA:142,1
DA:159,1
DA:160,3
DA:161,1
DA:162,8
DA:163,3
DA:164,2
DA:165,4
LF:57
LH:57
end_of_record
SF:lib\frontend\pages\login.dart
DA:8,1
DA:10,1
DA:12,1
DA:14,1
DA:15,1
DA:16,1
DA:17,1
DA:19,1
LF:8
LH:8
end_of_record
SF:lib\frontend\components\contentPages\content_wallet.dart
DA:8,1
DA:11,1
DA:12,1
DA:18,1
DA:20,2
DA:21,5
DA:23,1
DA:26,1
DA:28,1
DA:29,1
DA:30,2
DA:31,1
DA:32,1
DA:34,1
DA:35,4
DA:36,4
DA:39,1
DA:43,1
DA:45,1
DA:47,1
DA:49,4
DA:50,1
DA:54,1
DA:55,1
DA:56,1
DA:57,1
DA:58,1
DA:65,3
DA:81,1
DA:82,3
DA:84,1
DA:90,1
DA:93,2
DA:94,1
LF:34
LH:34
end_of_record
SF:lib\frontend\pages\wallet.dart
DA:12,1
DA:15,1
DA:17,1
DA:19,1
DA:20,1
DA:21,1
DA:22,1
DA:23,1
DA:24,1
DA:26,1
LF:10
LH:10
end_of_record
SF:lib\frontend\components\contentPages\content_register.dart
DA:11,1
DA:14,1
DA:15,1
DA:22,1
DA:24,2
DA:25,2
DA:27,1
DA:30,1
DA:32,1
DA:35,1
DA:36,1
DA:38,1
DA:39,4
DA:51,1
DA:53,1
DA:54,4
DA:65,1
DA:66,4
DA:67,4
DA:68,1
DA:69,1
DA:70,1
DA:72,1
DA:73,1
DA:74,1
DA:75,5
DA:76,1
DA:82,1
DA:83,1
DA:84,2
DA:92,1
DA:94,1
DA:95,1
DA:96,5
DA:97,1
DA:104,1
DA:105,1
DA:108,2
DA:115,2
DA:126,1
DA:127,3
DA:128,4
DA:129,5
LF:43
LH:43
end_of_record
SF:lib\frontend\pages\register.dart
DA:8,1
DA:10,1
DA:12,1
DA:14,1
DA:15,1
DA:16,1
DA:17,1
DA:19,1
LF:8
LH:8
end_of_record
