SF:lib\backend\models\category.dart
DA:8,6
DA:16,1
DA:17,1
DA:18,1
DA:19,1
DA:20,1
DA:21,1
LF:7
LH:7
end_of_record
SF:lib\backend\create_db.dart
DA:12,0
DA:14,0
DA:15,0
DA:16,0
DA:18,0
DA:20,0
DA:22,0
DA:23,0
DA:24,0
DA:26,0
DA:27,0
DA:29,0
DA:30,0
DA:32,0
DA:33,0
DA:35,0
DA:38,0
DA:48,0
DA:50,0
DA:51,0
DA:53,0
DA:55,0
DA:57,0
DA:58,0
DA:59,0
DA:61,0
DA:62,0
DA:64,0
DA:65,0
DA:67,0
DA:68,0
DA:70,0
DA:73,0
DA:83,0
DA:84,0
DA:85,0
DA:86,0
DA:87,0
DA:91,0
DA:92,0
DA:93,0
DA:96,0
DA:100,0
DA:101,0
DA:102,0
DA:104,0
DA:105,0
DA:110,0
DA:111,0
DA:112,0
DA:113,0
DA:114,0
DA:115,0
DA:116,0
DA:117,0
DA:118,0
DA:121,0
DA:123,0
DA:124,0
DA:125,0
DA:126,0
DA:127,0
DA:128,0
DA:129,0
DA:130,0
DA:132,0
DA:133,0
DA:136,0
DA:138,0
DA:139,0
DA:140,0
DA:148,0
DA:149,0
DA:152,0
DA:155,0
DA:156,0
DA:161,0
DA:163,0
DA:164,0
DA:165,0
DA:166,0
DA:168,0
DA:173,0
DA:176,0
DA:177,0
LF:85
LH:0
end_of_record
SF:lib\backend\read_db.dart
DA:26,0
DA:27,0
DA:28,0
DA:29,0
DA:32,0
DA:35,0
DA:36,0
DA:38,0
DA:40,0
DA:46,0
DA:55,0
DA:56,0
DA:57,0
DA:58,0
DA:60,0
DA:62,0
DA:63,0
DA:64,0
DA:73,0
DA:74,0
DA:81,0
DA:83,0
DA:85,0
DA:86,0
DA:88,0
DA:94,0
DA:100,0
DA:101,0
DA:102,0
DA:103,0
DA:105,0
DA:107,0
DA:114,0
DA:120,0
DA:121,0
DA:122,0
DA:123,0
DA:125,0
DA:126,0
DA:127,0
DA:129,0
DA:131,0
DA:136,0
DA:142,0
DA:143,0
DA:145,0
DA:146,0
DA:148,0
DA:149,0
DA:150,0
DA:151,0
DA:154,0
DA:156,0
DA:157,0
DA:163,0
DA:165,0
DA:166,0
DA:167,0
DA:168,0
DA:169,0
DA:170,0
DA:172,0
DA:174,0
DA:175,0
DA:178,0
DA:179,0
DA:181,0
DA:184,0
DA:185,0
DA:186,0
DA:187,0
DA:188,0
DA:194,0
DA:195,0
DA:198,0
DA:199,0
DA:200,0
DA:201,0
DA:204,0
DA:210,0
DA:211,0
DA:212,0
DA:213,0
DA:214,0
DA:215,0
DA:216,0
DA:218,0
DA:220,0
DA:221,0
DA:224,0
DA:225,0
DA:227,0
DA:230,0
DA:231,0
DA:232,0
DA:233,0
DA:234,0
DA:235,0
DA:238,0
DA:239,0
DA:240,0
DA:241,0
DA:244,0
DA:250,0
DA:252,0
DA:253,0
DA:254,0
DA:255,0
DA:257,0
DA:258,0
DA:260,0
DA:262,0
DA:263,0
DA:266,0
DA:268,0
DA:269,0
DA:271,0
DA:273,0
DA:274,0
DA:280,0
DA:281,0
DA:282,0
DA:283,0
DA:285,0
DA:286,0
DA:292,0
DA:293,0
DA:294,0
DA:295,0
DA:300,0
DA:301,0
DA:302,0
DA:303,0
DA:305,0
DA:306,0
DA:307,0
DA:308,0
DA:311,0
DA:312,0
DA:313,0
DA:314,0
DA:315,0
DA:321,0
DA:322,0
DA:323,0
DA:324,0
DA:325,0
DA:326,0
DA:327,0
DA:328,0
DA:330,0
DA:331,0
DA:334,0
DA:336,0
DA:338,0
DA:341,0
DA:344,0
DA:345,0
DA:346,0
DA:354,0
DA:355,0
DA:356,0
DA:357,0
DA:361,0
DA:362,0
DA:363,0
DA:365,0
DA:371,0
DA:373,0
DA:374,0
DA:375,0
DA:376,0
DA:377,0
DA:378,0
DA:380,0
DA:382,0
DA:383,0
DA:386,0
DA:388,0
DA:390,0
DA:393,0
DA:394,0
DA:400,0
DA:401,0
DA:402,0
DA:403,0
DA:405,0
DA:406,0
DA:412,0
DA:413,0
DA:414,0
DA:415,0
DA:419,0
DA:425,0
DA:426,0
DA:427,0
DA:428,0
DA:429,0
DA:430,0
DA:431,0
DA:432,0
DA:433,0
DA:434,0
DA:436,0
DA:442,0
DA:443,0
DA:444,0
DA:445,0
DA:446,0
DA:447,0
DA:448,0
DA:449,0
DA:450,0
DA:451,0
DA:452,0
DA:458,0
DA:459,0
DA:460,0
DA:461,0
DA:462,0
DA:463,0
DA:464,0
DA:465,0
DA:466,0
DA:467,0
DA:468,0
DA:474,0
DA:475,0
DA:476,0
DA:477,0
DA:478,0
DA:479,0
DA:480,0
DA:481,0
DA:482,0
DA:484,0
DA:485,0
DA:491,0
DA:492,0
DA:495,0
DA:501,0
DA:502,0
DA:503,0
DA:505,0
DA:506,0
DA:511,0
DA:512,0
DA:513,0
DA:514,0
DA:515,0
DA:516,0
DA:517,0
DA:520,0
LF:253
LH:0
end_of_record
SF:lib\backend\handlers\handleRegistration.dart
DA:8,1
DA:10,0
DA:11,0
DA:13,0
DA:14,0
DA:15,0
DA:16,0
DA:18,0
DA:19,0
DA:20,0
DA:21,0
DA:22,0
DA:23,0
DA:24,0
DA:25,0
DA:27,0
DA:34,0
DA:35,0
DA:36,0
DA:37,0
DA:44,0
DA:45,0
DA:47,0
DA:48,0
DA:49,0
DA:54,1
DA:55,1
LF:27
LH:3
end_of_record
SF:lib\backend\models\user.dart
DA:5,4
DA:10,1
DA:11,1
DA:12,1
DA:14,2
DA:15,1
DA:16,1
DA:18,3
DA:19,3
DA:22,3
DA:23,3
LF:11
LH:11
end_of_record
SF:lib\others\alerts.dart
DA:9,0
DA:10,0
DA:11,0
DA:14,0
DA:20,0
DA:21,0
DA:22,0
DA:26,0
DA:27,0
DA:33,0
DA:34,0
DA:39,0
DA:40,0
DA:46,0
DA:47,0
DA:52,0
DA:53,0
DA:58,0
DA:59,0
DA:64,0
DA:65,0
DA:70,0
DA:71,0
DA:76,0
DA:77,0
DA:82,0
DA:83,0
DA:88,0
DA:89,0
DA:95,0
DA:96,0
DA:102,0
DA:103,0
DA:108,0
DA:109,0
DA:114,0
DA:115,0
DA:120,0
DA:121,0
DA:122,0
DA:127,0
DA:128,0
DA:129,0
DA:134,0
DA:135,0
DA:137,0
DA:139,0
DA:140,0
DA:141,0
DA:142,0
DA:143,0
DA:149,0
DA:151,0
DA:154,0
DA:162,0
DA:163,0
DA:165,0
DA:169,0
DA:170,0
DA:171,0
DA:174,0
DA:175,0
DA:176,0
DA:177,0
DA:191,0
DA:192,0
DA:194,0
DA:198,0
DA:199,0
DA:200,0
DA:201,0
DA:205,0
DA:206,0
DA:207,0
DA:208,0
DA:222,0
DA:223,0
DA:225,0
DA:237,0
DA:238,0
DA:240,0
DA:243,0
DA:244,0
DA:245,0
DA:257,0
DA:258,0
DA:263,0
DA:264,0
DA:269,0
DA:270,0
DA:272,0
DA:275,0
DA:276,0
DA:277,0
DA:278,0
LF:95
LH:0
end_of_record
SF:lib\backend\models\file.dart
DA:10,9
DA:20,1
DA:21,1
DA:22,1
DA:23,1
DA:24,1
DA:25,1
DA:26,1
DA:27,1
LF:9
LH:9
end_of_record
SF:lib\backend\update_db.dart
DA:11,0
DA:12,0
DA:13,0
DA:15,0
DA:16,0
DA:21,0
DA:22,0
DA:23,0
DA:24,0
DA:25,0
DA:26,0
DA:27,0
DA:29,0
DA:30,0
DA:31,0
DA:32,0
DA:34,0
DA:35,0
DA:41,0
DA:42,0
DA:43,0
DA:45,0
DA:46,0
DA:48,0
DA:49,0
DA:54,0
DA:55,0
DA:56,0
DA:57,0
DA:58,0
DA:61,0
DA:62,0
DA:63,0
DA:64,0
DA:65,0
DA:67,0
DA:68,0
DA:72,0
DA:73,0
DA:74,0
LF:40
LH:0
end_of_record
SF:lib\frontend\components\widgets\category_card.dart
DA:14,1
DA:15,1
DA:16,1
DA:31,1
DA:33,7
DA:34,1
DA:37,1
DA:39,1
DA:42,1
DA:44,1
DA:46,3
DA:47,1
DA:56,1
DA:58,1
DA:59,1
DA:61,6
DA:62,1
DA:64,1
DA:66,1
DA:67,1
DA:69,1
DA:71,1
DA:72,1
DA:73,4
DA:74,1
DA:78,1
DA:80,1
DA:83,1
DA:84,1
DA:86,1
DA:87,2
DA:96,1
DA:99,1
DA:100,4
DA:101,1
DA:103,4
DA:112,1
DA:113,1
DA:115,1
DA:118,3
DA:119,1
DA:120,1
DA:124,4
DA:125,2
DA:127,1
DA:131,4
DA:132,3
DA:135,1
DA:145,1
DA:146,2
DA:147,2
DA:150,1
LF:52
LH:52
end_of_record
SF:lib\frontend\components\widgets\category_overview_card.dart
DA:12,1
DA:13,1
DA:15,1
DA:24,1
DA:26,1
DA:27,2
DA:28,5
DA:32,7
DA:33,1
DA:36,1
DA:38,1
DA:41,1
DA:43,1
DA:45,1
DA:48,1
DA:49,1
DA:57,1
DA:59,1
DA:60,1
DA:62,6
DA:63,1
DA:65,1
DA:69,1
DA:70,1
DA:71,1
DA:78,1
DA:80,1
DA:82,1
DA:83,4
DA:84,1
DA:85,2
DA:104,1
DA:105,1
DA:106,2
DA:107,2
LF:35
LH:35
end_of_record
SF:lib\frontend\components\widgets\file_card.dart
DA:7,3
DA:8,3
DA:19,3
DA:37,3
DA:39,21
DA:40,9
DA:42,9
DA:43,6
DA:44,12
DA:45,3
DA:46,3
DA:48,3
DA:49,3
DA:50,6
DA:51,12
DA:54,3
DA:57,3
DA:59,3
DA:61,3
DA:62,3
DA:64,6
DA:65,3
DA:67,3
DA:76,3
DA:78,3
DA:80,3
DA:84,3
DA:85,3
DA:87,3
DA:88,3
DA:89,3
DA:92,3
DA:94,3
DA:95,3
DA:97,3
DA:98,3
DA:99,3
DA:100,3
DA:103,3
DA:104,9
DA:105,3
DA:107,3
DA:115,3
DA:118,3
DA:119,3
DA:122,3
DA:124,3
DA:125,3
DA:126,6
DA:139,3
DA:140,3
DA:141,3
DA:144,12
DA:148,3
DA:149,9
DA:159,3
DA:160,3
DA:161,3
DA:166,4
DA:167,2
DA:169,3
DA:172,6
DA:175,1
DA:176,1
DA:177,2
DA:178,2
DA:181,3
DA:182,3
DA:183,2
DA:184,1
DA:186,3
DA:190,8
DA:191,6
DA:208,1
DA:209,1
DA:210,2
DA:211,2
DA:216,1
DA:217,1
DA:218,2
DA:219,1
LF:81
LH:81
end_of_record
SF:lib\frontend\components\widgets\list_card.dart
DA:8,2
DA:9,2
DA:20,2
DA:44,2
DA:46,2
DA:48,8
DA:51,0
DA:53,4
DA:54,8
DA:55,14
DA:59,2
DA:62,2
DA:64,2
DA:66,2
DA:67,2
DA:69,6
DA:70,2
DA:72,2
DA:81,2
DA:83,2
DA:87,2
DA:88,2
DA:91,2
DA:92,2
DA:93,2
DA:94,2
DA:95,6
DA:99,2
DA:100,2
DA:102,2
DA:103,4
DA:115,2
DA:118,2
DA:119,2
DA:123,4
DA:124,2
DA:126,2
DA:129,4
DA:132,1
DA:133,2
DA:134,2
DA:136,6
DA:137,3
DA:139,2
DA:143,4
DA:144,3
DA:159,1
DA:160,1
DA:161,2
DA:162,1
DA:163,1
DA:169,1
DA:170,1
DA:171,2
DA:172,1
DA:175,6
LF:56
LH:55
end_of_record
SF:lib\frontend\components\widgets\wallet_card.dart
DA:11,1
DA:12,1
DA:19,1
DA:22,1
DA:29,1
DA:31,3
DA:33,3
DA:34,2
DA:35,4
DA:36,1
DA:37,1
DA:39,1
DA:40,2
DA:41,4
DA:43,1
DA:46,1
DA:48,1
DA:50,0
DA:51,1
DA:52,1
DA:53,1
DA:55,1
DA:65,1
DA:67,3
DA:68,1
DA:70,1
DA:71,1
DA:72,1
DA:80,1
DA:82,1
DA:84,1
DA:95,1
DA:97,1
DA:98,4
DA:115,1
DA:116,2
DA:117,2
DA:118,1
LF:38
LH:37
end_of_record
SF:lib\others\constants.dart
DA:6,9
LF:1
LH:1
end_of_record
SF:lib\frontend\pages\login.dart
DA:8,1
DA:10,1
DA:12,1
DA:14,1
DA:15,1
DA:16,3
LF:6
LH:6
end_of_record
SF:lib\frontend\components\contentPages\content_login.dart
DA:14,1
DA:18,1
DA:19,1
DA:26,1
DA:28,2
DA:29,2
DA:30,2
DA:32,2
DA:34,1
DA:41,1
DA:43,1
DA:46,1
DA:47,1
DA:49,1
DA:50,4
DA:62,1
DA:64,1
DA:65,4
DA:76,1
DA:77,4
DA:78,4
DA:79,1
DA:80,1
DA:81,1
DA:83,1
DA:84,1
DA:85,1
DA:86,5
DA:87,1
DA:94,1
DA:95,1
DA:96,2
DA:104,1
DA:106,1
DA:107,1
DA:108,5
DA:109,1
DA:116,1
DA:117,1
DA:120,2
DA:127,2
DA:128,1
DA:130,1
DA:132,1
DA:133,1
DA:134,3
DA:135,1
DA:137,1
DA:139,1
DA:140,1
DA:141,1
DA:146,1
DA:163,1
DA:164,3
DA:165,1
DA:166,8
DA:167,3
DA:168,2
DA:169,4
LF:59
LH:59
end_of_record
SF:lib\frontend\components\widgets\button_function.dart
DA:16,6
DA:18,6
DA:20,6
DA:22,6
DA:26,6
DA:27,6
DA:29,6
DA:30,6
DA:32,6
DA:33,6
DA:34,6
DA:35,6
DA:40,6
DA:45,18
DA:46,12
LF:15
LH:15
end_of_record
SF:lib\frontend\components\widgets\title_text.dart
DA:13,76
DA:15,7
DA:17,7
DA:18,7
DA:20,7
DA:23,7
LF:6
LH:6
end_of_record
SF:lib\frontend\components\widgets\app_bar.dart
DA:27,12
DA:31,12
DA:33,12
DA:35,12
DA:36,12
DA:44,12
DA:45,12
DA:53,4
DA:55,1
DA:58,3
DA:59,1
DA:61,12
DA:62,1
DA:63,1
DA:66,3
DA:70,12
DA:74,1
LF:17
LH:17
end_of_record
SF:lib\frontend\components\widgets\loading_wheel.dart
DA:6,68
DA:8,5
DA:9,5
DA:17,5
DA:19,10
DA:20,5
DA:21,10
DA:22,5
DA:25,5
DA:28,5
DA:30,10
DA:31,5
DA:34,5
DA:36,5
DA:38,5
DA:39,5
LF:16
LH:16
end_of_record
SF:lib\frontend\components\contentPages\content_category_create.dart
DA:20,1
DA:22,1
DA:23,1
DA:33,1
DA:35,2
DA:36,2
DA:38,2
DA:39,4
DA:41,1
DA:44,1
DA:46,2
DA:47,1
DA:50,1
DA:52,1
DA:54,1
DA:55,1
DA:57,1
DA:59,1
DA:63,1
DA:64,1
DA:66,1
DA:68,1
DA:72,2
DA:76,1
DA:79,1
DA:88,2
DA:89,1
DA:90,1
DA:94,1
DA:95,1
DA:96,0
DA:97,0
DA:98,0
DA:101,0
DA:102,0
DA:104,1
DA:105,1
DA:106,1
DA:109,1
DA:120,1
DA:121,1
DA:123,2
DA:132,1
DA:134,2
DA:136,0
DA:137,0
DA:138,0
DA:139,0
DA:142,0
DA:146,0
DA:152,0
DA:153,0
DA:154,0
DA:155,0
DA:156,0
DA:157,0
DA:158,0
DA:159,0
DA:161,0
DA:162,0
DA:163,0
DA:164,0
DA:165,0
DA:166,0
DA:167,0
DA:168,0
DA:169,0
DA:170,0
DA:172,0
DA:175,0
DA:181,1
DA:182,2
DA:183,0
DA:184,0
DA:191,0
DA:192,0
DA:193,0
DA:194,0
DA:195,0
LF:79
LH:41
end_of_record
SF:lib\frontend\pages\category_create.dart
DA:10,1
DA:13,1
DA:15,1
DA:17,1
DA:18,1
DA:19,1
DA:20,1
DA:21,1
DA:23,1
LF:9
LH:9
end_of_record
SF:lib\backend\delete_db.dart
DA:9,0
DA:10,0
DA:11,0
DA:12,0
DA:13,0
DA:14,0
DA:15,0
DA:20,0
DA:21,0
DA:22,0
DA:23,0
DA:24,0
DA:25,0
DA:30,0
DA:31,0
DA:32,0
DA:33,0
DA:34,0
DA:35,0
DA:36,0
DA:37,0
DA:38,0
DA:43,0
DA:44,0
DA:45,0
DA:46,0
DA:48,0
DA:50,0
DA:51,0
LF:29
LH:0
end_of_record
SF:lib\backend\google_integration.dart
DA:30,0
DA:32,0
DA:34,0
DA:35,0
DA:43,1
DA:54,0
DA:55,0
DA:58,0
DA:59,0
DA:62,0
DA:64,0
DA:65,0
DA:67,0
DA:68,0
DA:72,0
DA:74,0
DA:77,0
DA:78,0
DA:83,0
DA:84,0
DA:85,0
DA:86,0
DA:95,0
DA:97,0
DA:100,0
DA:102,0
DA:105,0
DA:108,0
DA:110,0
DA:113,0
DA:115,0
DA:116,0
DA:118,0
DA:119,0
DA:123,0
DA:124,0
DA:126,0
DA:127,0
DA:129,0
DA:130,0
DA:131,0
DA:132,0
DA:134,0
DA:135,0
DA:136,0
DA:137,0
DA:139,0
DA:144,0
DA:145,0
DA:148,0
DA:149,0
DA:150,0
DA:157,0
DA:159,0
DA:160,0
DA:162,0
DA:165,0
DA:170,0
DA:172,0
DA:175,0
DA:178,0
DA:179,0
DA:181,0
DA:184,0
DA:186,0
DA:187,0
DA:190,0
DA:191,0
DA:194,0
DA:196,0
DA:197,0
DA:201,0
DA:203,0
DA:204,0
DA:205,0
DA:206,0
DA:209,0
DA:211,0
DA:214,0
DA:216,0
DA:220,0
DA:224,0
LF:82
LH:1
end_of_record
SF:lib\frontend\components\widgets\bottom_bar.dart
DA:17,4
DA:20,4
DA:21,4
DA:26,1
DA:27,3
DA:28,3
DA:29,2
DA:30,3
DA:35,4
DA:37,4
DA:39,4
DA:54,4
DA:62,4
DA:85,8
DA:89,4
LF:15
LH:15
end_of_record
SF:lib\frontend\components\widgets\drawer.dart
DA:7,1
DA:9,1
DA:11,1
DA:13,1
DA:15,1
DA:16,1
DA:20,1
DA:23,1
DA:24,1
DA:41,1
DA:42,1
DA:44,1
DA:54,2
DA:55,1
DA:57,3
DA:58,1
LF:16
LH:16
end_of_record
SF:lib\frontend\components\widgets\input_field.dart
DA:14,4
DA:16,4
DA:17,4
DA:23,4
DA:25,20
DA:26,4
DA:29,4
DA:31,8
DA:32,4
DA:35,4
DA:37,4
DA:39,4
DA:40,8
DA:41,4
DA:44,4
DA:51,4
DA:56,4
DA:58,4
DA:63,4
DA:65,4
DA:70,4
DA:72,4
DA:77,4
DA:90,3
DA:91,15
LF:25
LH:25
end_of_record
SF:lib\frontend\components\widgets\widget_preview.dart
DA:17,1
DA:20,1
DA:22,1
DA:24,1
DA:25,1
DA:26,1
DA:27,1
DA:42,1
DA:46,1
DA:49,1
DA:50,1
DA:51,1
DA:53,1
DA:54,3
DA:55,1
LF:15
LH:15
end_of_record
SF:lib\frontend\components\contentPages\content_category_view.dart
DA:19,1
DA:23,1
DA:24,1
DA:35,1
DA:37,2
DA:38,2
DA:40,6
DA:41,1
DA:44,1
DA:46,2
DA:47,0
DA:50,0
DA:51,0
DA:53,0
DA:54,0
DA:55,0
DA:56,0
DA:57,0
DA:71,1
DA:73,2
DA:74,3
DA:75,1
DA:83,2
DA:90,1
DA:91,1
DA:92,2
DA:93,1
DA:100,1
DA:102,1
DA:103,1
DA:104,1
DA:105,1
DA:107,0
DA:113,1
DA:114,3
DA:115,1
DA:122,1
DA:126,1
DA:127,2
DA:128,1
DA:129,1
DA:136,1
DA:137,3
DA:138,1
DA:145,0
DA:146,0
DA:147,0
DA:148,0
DA:149,0
DA:151,0
DA:152,0
DA:153,0
DA:154,0
DA:155,0
DA:156,0
DA:157,0
DA:161,0
DA:162,0
DA:163,0
DA:164,0
DA:165,0
DA:173,1
DA:174,1
DA:175,2
DA:176,2
DA:183,6
DA:184,4
DA:189,1
DA:190,1
DA:191,2
DA:192,1
DA:194,6
LF:72
LH:46
end_of_record
SF:lib\frontend\components\widgets\buttons_view_mode.dart
DA:7,4
DA:9,4
DA:10,4
DA:14,4
DA:16,4
DA:18,4
DA:21,4
DA:32,4
DA:36,12
DA:38,12
DA:40,3
DA:42,4
DA:46,12
DA:48,12
DA:50,4
LF:15
LH:15
end_of_record
SF:lib\frontend\pages\category_view.dart
DA:12,1
DA:15,1
DA:17,1
DA:19,1
DA:20,1
DA:21,1
DA:22,1
DA:23,1
DA:25,1
DA:29,1
DA:31,2
DA:33,2
LF:12
LH:12
end_of_record
SF:lib\frontend\components\widgets\button_add.dart
DA:23,3
DA:27,3
DA:29,3
DA:31,3
DA:33,3
DA:34,3
DA:35,6
DA:36,3
DA:37,1
DA:38,1
DA:42,3
DA:43,3
LF:12
LH:12
end_of_record
SF:lib\frontend\components\contentPages\content_favourites.dart
DA:13,1
DA:17,1
DA:18,1
DA:25,1
DA:27,1
DA:28,2
DA:29,2
DA:30,2
DA:32,3
DA:33,4
DA:35,1
DA:40,1
DA:42,2
DA:43,1
DA:46,1
DA:47,1
DA:48,4
DA:49,4
DA:50,1
DA:51,4
DA:63,1
DA:65,1
DA:66,1
DA:68,3
DA:69,1
DA:77,2
DA:86,0
DA:87,0
DA:88,0
DA:89,0
DA:96,1
DA:98,1
DA:99,1
DA:100,0
DA:101,0
DA:103,0
DA:109,1
DA:110,3
DA:112,1
DA:118,1
DA:122,1
DA:123,2
DA:124,1
DA:125,1
DA:132,1
DA:133,3
DA:135,1
DA:141,0
DA:142,0
DA:143,0
DA:144,0
DA:146,0
DA:147,0
DA:148,0
DA:149,0
DA:150,0
DA:151,0
DA:154,0
DA:155,0
DA:156,0
DA:157,0
LF:61
LH:40
end_of_record
SF:lib\frontend\pages\favourites.dart
DA:12,1
DA:16,1
DA:18,1
DA:20,1
DA:21,1
DA:22,1
DA:23,1
DA:24,1
DA:25,1
DA:27,1
LF:10
LH:10
end_of_record
SF:lib\frontend\components\widgets\title_text_v2.dart
DA:12,9
DA:14,5
DA:16,5
DA:18,5
DA:20,5
DA:29,5
DA:31,5
DA:32,5
LF:8
LH:8
end_of_record
SF:lib\frontend\components\contentPages\content_file_create.dart
DA:29,1
DA:39,1
DA:40,1
DA:52,1
DA:54,2
DA:55,2
DA:56,2
DA:58,3
DA:59,6
DA:61,1
DA:62,5
DA:64,1
DA:67,1
DA:69,2
DA:70,1
DA:73,1
DA:75,1
DA:77,1
DA:78,1
DA:80,1
DA:81,1
DA:83,1
DA:85,1
DA:89,1
DA:90,1
DA:93,1
DA:95,1
DA:96,1
DA:98,1
DA:99,1
DA:101,1
DA:102,1
DA:104,2
DA:108,1
DA:111,1
DA:115,1
DA:118,1
DA:122,1
DA:123,1
DA:124,1
DA:125,1
DA:127,1
DA:134,1
DA:136,1
DA:137,1
DA:138,2
DA:140,2
DA:141,1
DA:142,1
DA:143,1
DA:144,2
DA:156,0
DA:157,0
DA:159,0
DA:166,1
DA:169,1
DA:170,1
DA:173,1
DA:175,1
DA:176,1
DA:185,1
DA:189,2
DA:191,1
DA:195,3
DA:196,2
DA:197,1
DA:204,1
DA:214,1
DA:215,1
DA:217,2
DA:226,1
DA:227,2
DA:228,3
DA:230,4
DA:235,1
DA:236,2
DA:237,1
DA:239,3
DA:244,1
DA:245,1
DA:247,2
DA:251,0
DA:252,0
DA:253,0
DA:254,0
DA:255,0
DA:259,0
DA:260,0
DA:265,0
DA:271,0
DA:272,0
DA:273,0
DA:275,0
DA:278,0
DA:280,0
DA:282,0
DA:284,0
DA:286,0
DA:287,0
DA:294,0
DA:295,0
DA:298,0
DA:302,0
DA:309,1
DA:310,1
DA:312,2
DA:317,0
DA:318,0
DA:319,0
DA:323,0
DA:324,0
DA:327,0
DA:333,1
DA:335,2
DA:336,2
DA:337,1
DA:338,1
DA:339,3
DA:340,0
DA:341,1
DA:342,0
DA:343,2
DA:345,0
DA:346,0
DA:348,0
DA:349,0
DA:351,0
DA:352,0
DA:353,0
DA:355,0
DA:356,0
DA:358,0
DA:361,0
DA:362,0
DA:363,0
DA:364,0
DA:365,0
DA:366,0
DA:367,0
DA:368,0
DA:370,0
DA:373,4
DA:379,1
DA:380,2
DA:381,1
DA:387,0
DA:388,0
DA:389,0
DA:390,0
DA:391,0
DA:393,0
DA:394,0
DA:400,0
DA:401,0
DA:402,0
DA:403,0
DA:404,0
DA:410,0
DA:411,0
DA:412,0
DA:414,0
DA:415,0
LF:162
LH:93
end_of_record
SF:lib\frontend\pages\file_create.dart
DA:11,1
DA:15,1
DA:17,1
DA:18,1
DA:19,1
DA:20,1
DA:21,1
DA:22,1
DA:24,1
LF:9
LH:9
end_of_record
SF:lib\frontend\components\widgets\buttons_upload_photo_pdf.dart
DA:8,3
DA:12,3
DA:14,3
DA:17,3
DA:18,6
DA:19,6
DA:20,6
LF:7
LH:7
end_of_record
SF:lib\frontend\components\widgets\carousel_slider.dart
DA:14,2
DA:22,2
DA:23,2
DA:29,2
DA:31,2
DA:32,2
DA:35,0
DA:37,0
DA:38,0
DA:41,2
DA:43,2
DA:44,2
DA:50,2
DA:54,2
DA:55,4
DA:56,6
DA:57,2
DA:58,10
DA:59,8
DA:60,2
DA:62,2
DA:64,2
DA:65,2
DA:66,8
DA:67,2
DA:71,2
DA:84,2
DA:85,2
DA:86,2
DA:87,4
DA:94,4
DA:95,4
DA:96,6
DA:98,2
DA:101,0
DA:102,0
DA:103,0
DA:104,0
DA:113,6
DA:114,1
DA:116,1
DA:120,4
DA:128,2
LF:43
LH:36
end_of_record
SF:lib\frontend\components\widgets\dropdown_menu.dart
DA:14,2
DA:16,2
DA:17,2
DA:23,2
DA:25,8
DA:26,2
DA:30,2
DA:32,2
DA:34,2
DA:36,2
DA:38,2
DA:39,2
DA:44,2
DA:46,2
DA:48,4
DA:52,1
DA:54,2
DA:55,2
DA:59,5
DA:60,1
DA:61,1
DA:62,1
DA:64,2
DA:73,1
DA:74,2
DA:75,1
DA:76,3
DA:77,4
LF:28
LH:28
end_of_record
SF:lib\frontend\components\widgets\button_icon_function.dart
DA:18,4
DA:20,4
DA:22,4
DA:24,4
DA:25,4
DA:40,4
DA:41,9
DA:42,4
DA:43,4
DA:49,4
DA:51,4
DA:52,4
LF:12
LH:12
end_of_record
SF:lib\frontend\components\contentPages\content_file_edit.dart
DA:34,1
DA:38,1
DA:39,1
DA:59,1
DA:61,2
DA:62,2
DA:63,2
DA:64,4
DA:65,3
DA:66,2
DA:67,4
DA:70,6
DA:72,1
DA:75,1
DA:77,2
DA:78,1
DA:81,1
DA:83,1
DA:85,1
DA:86,1
DA:88,1
DA:89,1
DA:91,1
DA:93,1
DA:97,1
DA:98,1
DA:101,1
DA:103,1
DA:104,1
DA:106,1
DA:107,1
DA:109,1
DA:110,1
DA:112,2
DA:116,1
DA:119,1
DA:123,1
DA:126,1
DA:130,1
DA:131,1
DA:132,1
DA:133,1
DA:135,1
DA:142,1
DA:144,1
DA:145,1
DA:146,2
DA:148,2
DA:149,1
DA:150,1
DA:151,1
DA:152,2
DA:164,0
DA:165,0
DA:167,0
DA:174,1
DA:177,1
DA:178,1
DA:181,1
DA:183,1
DA:184,1
DA:193,1
DA:197,2
DA:199,1
DA:203,4
DA:205,1
DA:206,1
DA:213,1
DA:215,3
DA:226,1
DA:227,1
DA:229,2
DA:238,1
DA:239,2
DA:240,3
DA:242,4
DA:247,1
DA:248,2
DA:249,1
DA:251,3
DA:256,1
DA:257,1
DA:259,2
DA:263,0
DA:264,0
DA:265,0
DA:266,0
DA:267,0
DA:271,0
DA:272,0
DA:277,0
DA:283,0
DA:284,0
DA:285,0
DA:287,0
DA:290,0
DA:292,0
DA:294,0
DA:296,0
DA:298,0
DA:299,0
DA:306,0
DA:307,0
DA:310,0
DA:314,0
DA:321,1
DA:322,1
DA:324,2
DA:329,0
DA:330,0
DA:331,0
DA:335,0
DA:336,0
DA:339,0
DA:345,1
DA:347,2
DA:348,2
DA:349,1
DA:350,1
DA:353,4
DA:354,3
DA:355,0
DA:356,1
DA:357,0
DA:358,3
DA:359,0
DA:360,0
DA:362,0
DA:363,0
DA:365,0
DA:366,0
DA:368,0
DA:369,0
DA:370,0
DA:372,0
DA:373,0
DA:375,0
DA:378,0
DA:379,0
DA:380,0
DA:381,0
DA:382,0
DA:383,0
DA:384,0
DA:385,0
DA:386,2
DA:388,0
DA:389,0
DA:390,0
DA:391,0
DA:392,0
DA:394,0
DA:395,0
DA:397,0
DA:398,0
DA:399,0
DA:401,0
DA:402,0
DA:404,0
DA:409,0
DA:410,0
DA:411,0
DA:412,0
DA:413,0
DA:414,0
DA:415,0
DA:416,0
DA:418,0
DA:421,4
DA:427,0
DA:428,0
DA:429,0
DA:430,0
DA:431,0
DA:437,0
DA:438,0
DA:439,0
DA:445,0
DA:446,0
DA:447,0
DA:448,0
DA:449,0
DA:455,0
DA:456,0
DA:457,0
DA:463,1
DA:464,1
DA:465,2
DA:466,1
DA:467,2
DA:468,2
DA:470,2
DA:471,2
DA:472,2
DA:473,2
DA:475,2
DA:476,2
DA:477,5
DA:478,4
DA:480,3
DA:481,2
DA:482,4
DA:485,4
DA:486,5
DA:487,6
DA:495,0
DA:496,0
DA:497,0
DA:499,0
DA:500,0
DA:503,0
DA:504,0
DA:505,0
LF:213
LH:114
end_of_record
SF:lib\frontend\pages\file_edit.dart
DA:11,1
DA:14,1
DA:16,1
DA:18,1
DA:19,1
DA:20,1
DA:21,1
DA:22,2
LF:8
LH:8
end_of_record
SF:lib\frontend\components\contentPages\content_file_view.dart
DA:21,1
DA:25,1
DA:26,1
DA:42,1
DA:44,2
DA:45,2
DA:47,6
DA:48,1
DA:51,1
DA:53,1
DA:54,1
DA:55,1
DA:57,1
DA:60,1
DA:61,1
DA:68,1
DA:70,4
DA:71,3
DA:73,1
DA:75,1
DA:76,1
DA:77,2
DA:78,1
DA:79,1
DA:80,2
DA:81,2
DA:90,1
DA:92,1
DA:93,1
DA:94,1
DA:96,1
DA:102,3
DA:107,3
DA:108,1
DA:111,1
DA:113,1
DA:116,3
DA:124,1
DA:126,1
DA:128,1
DA:131,3
DA:132,2
DA:136,1
DA:138,1
DA:149,1
DA:150,1
DA:151,1
DA:152,2
DA:153,1
DA:154,2
DA:155,2
DA:157,2
DA:158,2
DA:159,1
DA:160,1
DA:161,1
DA:162,2
DA:163,1
DA:164,1
DA:165,1
DA:166,2
DA:167,6
DA:169,4
DA:170,5
DA:171,6
DA:177,1
DA:178,1
DA:179,2
DA:180,2
DA:187,1
DA:188,3
DA:189,1
DA:196,1
DA:197,6
DA:198,3
DA:199,4
DA:200,4
DA:204,0
DA:205,0
DA:206,0
DA:207,0
DA:213,0
DA:214,0
DA:215,0
DA:216,0
DA:217,0
DA:218,0
DA:219,0
DA:220,0
DA:222,0
DA:229,0
DA:230,0
DA:231,0
DA:232,0
DA:233,0
DA:234,0
DA:235,0
DA:236,0
DA:238,0
DA:245,1
DA:246,2
DA:248,3
DA:249,7
DA:253,1
DA:254,1
DA:255,2
DA:256,2
LF:107
LH:85
end_of_record
SF:lib\frontend\pages\file_view.dart
DA:11,1
DA:14,1
DA:16,1
DA:17,1
DA:18,1
DA:19,1
DA:20,1
DA:21,2
LF:8
LH:8
end_of_record
SF:lib\backend\handlers\handleDownload.dart
DA:7,0
DA:8,0
DA:11,0
DA:13,0
DA:14,0
DA:15,0
DA:16,0
DA:20,0
DA:21,0
DA:22,0
DA:23,0
DA:27,0
DA:28,0
DA:29,0
DA:32,0
DA:36,0
DA:39,0
DA:40,0
LF:18
LH:0
end_of_record
SF:lib\frontend\components\widgets\buttons_file_operations.dart
DA:32,2
DA:44,2
DA:45,2
DA:51,2
DA:53,4
DA:54,8
DA:56,2
DA:59,2
DA:61,2
DA:63,2
DA:65,2
DA:74,2
DA:76,2
DA:78,2
DA:79,2
DA:80,2
DA:82,2
DA:83,2
DA:88,2
DA:89,10
DA:91,2
DA:94,4
DA:97,2
DA:98,4
DA:99,4
DA:101,6
DA:102,12
DA:104,2
DA:108,8
DA:109,8
DA:113,2
DA:115,2
DA:116,2
DA:120,6
DA:122,2
DA:126,0
DA:127,0
DA:128,0
DA:129,0
DA:131,0
DA:132,0
DA:133,0
DA:137,8
DA:138,2
DA:142,1
DA:143,5
DA:146,8
DA:147,2
DA:151,8
LF:49
LH:42
end_of_record
SF:lib\frontend\components\contentPages\content_home.dart
DA:12,1
DA:15,1
DA:16,1
DA:28,1
DA:30,2
DA:31,2
DA:33,3
DA:34,4
DA:36,2
DA:37,3
DA:39,1
DA:42,1
DA:44,1
DA:46,1
DA:47,2
DA:48,1
DA:50,1
DA:53,1
DA:57,1
DA:59,1
DA:60,1
DA:61,1
DA:62,1
DA:75,2
DA:76,1
DA:79,1
DA:80,1
DA:82,1
DA:83,4
DA:84,4
DA:86,1
DA:87,4
DA:99,1
DA:101,1
DA:102,1
DA:103,3
DA:104,1
DA:113,2
DA:124,1
DA:125,1
DA:126,2
DA:127,1
DA:134,1
DA:136,1
DA:137,1
DA:138,1
DA:139,1
DA:141,0
DA:147,1
DA:148,3
DA:149,1
DA:156,1
DA:160,1
DA:161,2
DA:162,1
DA:163,1
DA:170,1
DA:174,1
DA:175,2
DA:176,1
DA:177,1
DA:184,1
DA:185,3
DA:186,1
DA:193,1
DA:194,3
DA:195,1
DA:202,0
DA:203,0
DA:204,0
DA:205,0
DA:206,0
DA:208,0
DA:209,0
DA:210,0
DA:211,0
DA:212,0
DA:213,0
DA:214,0
DA:218,0
DA:219,0
DA:220,0
DA:221,0
DA:222,0
LF:84
LH:66
end_of_record
SF:lib\frontend\pages\home.dart
DA:13,1
DA:16,1
DA:18,1
DA:20,1
DA:21,1
DA:22,1
DA:23,1
DA:24,1
DA:25,1
DA:27,1
DA:31,1
LF:11
LH:11
end_of_record
SF:lib\frontend\components\contentPages\content_pdf_show.dart
DA:10,1
DA:14,1
DA:15,1
DA:21,1
DA:23,2
DA:24,2
DA:26,3
DA:27,7
DA:28,1
DA:31,1
DA:33,2
DA:34,1
DA:35,3
DA:36,3
DA:37,1
DA:38,2
DA:46,1
DA:48,2
DA:50,1
DA:55,1
DA:56,2
DA:57,1
DA:58,1
LF:23
LH:23
end_of_record
SF:lib\frontend\pages\view_pdf.dart
DA:11,1
DA:13,1
DA:15,1
DA:17,1
DA:18,1
DA:19,1
DA:20,1
DA:21,2
LF:8
LH:8
end_of_record
SF:lib\frontend\components\contentPages\content_register.dart
DA:11,1
DA:14,1
DA:15,1
DA:22,1
DA:24,2
DA:25,2
DA:26,2
DA:28,2
DA:30,1
DA:33,1
DA:35,1
DA:38,1
DA:39,1
DA:41,1
DA:42,4
DA:54,1
DA:56,1
DA:57,4
DA:68,1
DA:69,4
DA:70,4
DA:71,1
DA:72,1
DA:73,1
DA:75,1
DA:76,1
DA:77,1
DA:78,5
DA:79,1
DA:85,1
DA:86,1
DA:87,2
DA:95,1
DA:97,1
DA:98,1
DA:99,5
DA:100,1
DA:107,1
DA:108,1
DA:111,2
DA:118,2
DA:129,1
DA:130,3
DA:131,4
DA:132,5
LF:45
LH:45
end_of_record
SF:lib\frontend\pages\register.dart
DA:8,1
DA:10,1
DA:12,1
DA:14,1
DA:15,1
DA:16,3
LF:6
LH:6
end_of_record
SF:lib\frontend\components\contentPages\content_wallet.dart
DA:8,1
DA:11,1
DA:12,1
DA:18,1
DA:20,2
DA:21,2
DA:22,2
DA:24,5
DA:26,1
DA:29,1
DA:31,1
DA:32,1
DA:33,2
DA:34,1
DA:35,1
DA:37,1
DA:38,4
DA:39,4
DA:42,1
DA:46,1
DA:48,1
DA:50,1
DA:52,4
DA:53,1
DA:57,1
DA:58,1
DA:59,1
DA:60,1
DA:61,1
DA:68,3
DA:84,1
DA:85,3
DA:87,1
DA:93,1
DA:96,2
DA:97,1
LF:36
LH:36
end_of_record
SF:lib\frontend\pages\wallet.dart
DA:12,1
DA:15,1
DA:17,1
DA:19,1
DA:20,1
DA:21,1
DA:22,1
DA:23,1
DA:24,1
DA:26,1
LF:10
LH:10
end_of_record
